Determining if the pthread_create exist failed with the following output:
Change Dir: /home/test/workspace/image-to-streaming/cmake-build-debug/CMakeFiles/CMakeTmp

Run Build Command:"/usr/bin/make" "cmTC_53fcc/fast"
/usr/bin/make -f CMakeFiles/cmTC_53fcc.dir/build.make CMakeFiles/cmTC_53fcc.dir/build
make[1]: Entering directory '/home/test/workspace/image-to-streaming/cmake-build-debug/CMakeFiles/CMakeTmp'
Building C object CMakeFiles/cmTC_53fcc.dir/CheckSymbolExists.c.o
/usr/bin/cc    -o CMakeFiles/cmTC_53fcc.dir/CheckSymbolExists.c.o   -c /home/test/workspace/image-to-streaming/cmake-build-debug/CMakeFiles/CMakeTmp/CheckSymbolExists.c
Linking C executable cmTC_53fcc
/usr/bin/cmake -E cmake_link_script CMakeFiles/cmTC_53fcc.dir/link.txt --verbose=1
/usr/bin/cc      -rdynamic CMakeFiles/cmTC_53fcc.dir/CheckSymbolExists.c.o  -o cmTC_53fcc 
/usr/bin/ld: CMakeFiles/cmTC_53fcc.dir/CheckSymbolExists.c.o: in function `main':
CheckSymbolExists.c:(.text+0x1b): undefined reference to `pthread_create'
collect2: error: ld returned 1 exit status
make[1]: *** [CMakeFiles/cmTC_53fcc.dir/build.make:87: cmTC_53fcc] Error 1
make[1]: Leaving directory '/home/test/workspace/image-to-streaming/cmake-build-debug/CMakeFiles/CMakeTmp'
make: *** [Makefile:121: cmTC_53fcc/fast] Error 2

File /home/test/workspace/image-to-streaming/cmake-build-debug/CMakeFiles/CMakeTmp/CheckSymbolExists.c:
/* */
#include <pthread.h>

int main(int argc, char** argv)
{
  (void)argv;
#ifndef pthread_create
  return ((int*)(&pthread_create))[argc];
#else
  (void)argc;
  return 0;
#endif
}

Determining if the function pthread_create exists in the pthreads failed with the following output:
Change Dir: /home/test/workspace/image-to-streaming/cmake-build-debug/CMakeFiles/CMakeTmp

Run Build Command:"/usr/bin/make" "cmTC_c28fc/fast"
/usr/bin/make -f CMakeFiles/cmTC_c28fc.dir/build.make CMakeFiles/cmTC_c28fc.dir/build
make[1]: Entering directory '/home/test/workspace/image-to-streaming/cmake-build-debug/CMakeFiles/CMakeTmp'
Building C object CMakeFiles/cmTC_c28fc.dir/CheckFunctionExists.c.o
/usr/bin/cc   -DCHECK_FUNCTION_EXISTS=pthread_create   -o CMakeFiles/cmTC_c28fc.dir/CheckFunctionExists.c.o   -c /usr/share/cmake-3.12/Modules/CheckFunctionExists.c
Linking C executable cmTC_c28fc
/usr/bin/cmake -E cmake_link_script CMakeFiles/cmTC_c28fc.dir/link.txt --verbose=1
/usr/bin/cc  -DCHECK_FUNCTION_EXISTS=pthread_create    -rdynamic CMakeFiles/cmTC_c28fc.dir/CheckFunctionExists.c.o  -o cmTC_c28fc -lpthreads 
/usr/bin/ld: cannot find -lpthreads
collect2: error: ld returned 1 exit status
make[1]: *** [CMakeFiles/cmTC_c28fc.dir/build.make:87: cmTC_c28fc] Error 1
make[1]: Leaving directory '/home/test/workspace/image-to-streaming/cmake-build-debug/CMakeFiles/CMakeTmp'
make: *** [Makefile:121: cmTC_c28fc/fast] Error 2


